<?xml version="1.0" encoding="UTF-8"?>
<Run>
    <Platform name ="Android_HUAWEI">
        <Module name ="Capabilities">
            <Data Key="platformName" Value="Android"/>
            <Data Key="platformVersion" Value="10.0"/>
            <Data Key="deviceName" Value="HUAWEI_Aiways"/>
            <Data Key="appPackage" Value="com.aiways.auto"/>
            <Data Key="appActivity" Value="com.aiways.auto.business.SplashActivity"/>
            <Data Key="noReset" Value="true"/>
            <Data Key="resetKeyboard" Value="true"/>
        </Module>
        <Module name="LoginOut">
            <Data Key="mobile" Value="15800000070"/>
            <Data Key="code" Value="223456"/>
        </Module>
        <Module name="News">
            <Data Key="CommentContent" Value="appiumAndroid_UITest_"/>
            <Data Key="ComReplyContent" Value="appiumAndroid_UITest_Reply"/>
        </Module>
        <Module name="Topics">
            <Data/>
        </Module>
    </Platform>
    <Platform name ="Android_GalaxyS9">
        <Module name ="Capabilities">
            <Data Key="platformName" Value="Android"/>
            <Data Key="platformVersion" Value="10.0"/>
            <Data Key="deviceName" Value="HUAWEI_Aiways"/>
            <Data Key="appPackage" Value="com.aiways.auto"/>
            <Data Key="appActivity" Value="com.aiways.auto.business.SplashActivity"/>
            <Data Key="noReset" Value="true"/>
            <Data Key="resetKeyboard" Value="true"/>
        </Module>
        <Module name="LoginOut">
            <Data Key="15800000070" Value="223456"/>
        </Module>
        <Module name="News">
            <Data/>
        </Module>
        <Module name="Topics">
            <Data/>
        </Module>
    </Platform>
    <Platform name="ios_iphoneXS">

    </Platform>
    <Platform name="ios_iPhone XS Max">
        <Module name="Capabilities">
            <Data Key="platformName" Value="iOS"/>
            <Data Key="udid" Value="00008020-0008343C0E42002E"/>
            <Data Key="platformVersion" Value="13.3.1"/>
            <Data Key="deviceName" Value="Qa iPhoneMax"/>
            <Data Key="automationName" Value="XCUITest"/>
            <Data Key="bundleId" Value="com.aiways.auto"/>
        </Module>
        <Module name="LoginOut">
            <Data Key="mobile" Value="15800000070"/>
            <Data Key="code" Value="223456"/>
        </Module>
        <Module name="News">
            <Data Key="CommentContent" Value="appium_ios_UITest_"/>
            <Data Key="ComReplyContent" Value="appium_ios_UITest_Reply"/>
        </Module>
    </Platform>
</Run>